<?xml version="1.0" encoding="UTF-8"?>
<testng-results ignored="0" total="1" passed="1" failed="0" skipped="0">
  <reporter-output>
  </reporter-output>
  <suite started-at="2026-02-04T23:04:01 IST" name="Default suite" finished-at="2026-02-04T23:04:04 IST" duration-ms="3633">
    <groups>
    </groups>
    <test started-at="2026-02-04T23:04:01 IST" name="Default test" finished-at="2026-02-04T23:04:04 IST" duration-ms="3633">
      <class name="Tests.LoginTest">
        <test-method signature="successfullLogin_Test()[pri:0, instance:Tests.LoginTest@385c9627]" started-at="2026-02-04T23:04:01 IST" name="successfullLogin_Test" finished-at="2026-02-04T23:04:04 IST" duration-ms="3582" status="PASS">
          <reporter-output>
          </reporter-output>
        </test-method> <!-- successfullLogin_Test -->
      </class> <!-- Tests.LoginTest -->
    </test> <!-- Default test -->
  </suite> <!-- Default suite -->
</testng-results>
